<?xml version="1.0" encoding="UTF-8"?>
<testng-results skipped="0" failed="0" ignored="0" total="2" passed="2">
  <reporter-output>
  </reporter-output>
  <suite name="Suite" duration-ms="12702" started-at="2022-09-17T03:43:45Z" finished-at="2022-09-17T03:43:58Z">
    <groups>
    </groups>
    <test name="Test" duration-ms="12702" started-at="2022-09-17T03:43:45Z" finished-at="2022-09-17T03:43:58Z">
      <class name="testcases.SaucedemoLogin">
        <test-method status="PASS" signature="SetUp()[pri:0, instance:testcases.SaucedemoLogin@78a2da20]" name="SetUp" is-config="true" duration-ms="7052" started-at="2022-09-17T03:43:45Z" finished-at="2022-09-17T03:43:52Z">
          <reporter-output>
          </reporter-output>
        </test-method> <!-- SetUp -->
        <test-method status="PASS" signature="Test1()[pri:0, instance:testcases.SaucedemoLogin@78a2da20]" name="Test1" duration-ms="446" started-at="2022-09-17T03:43:52Z" finished-at="2022-09-17T03:43:52Z">
          <reporter-output>
          </reporter-output>
        </test-method> <!-- Test1 -->
        <test-method status="PASS" signature="TearDown()[pri:0, instance:testcases.SaucedemoLogin@78a2da20]" name="TearDown" is-config="true" duration-ms="446" started-at="2022-09-17T03:43:52Z" finished-at="2022-09-17T03:43:53Z">
          <reporter-output>
          </reporter-output>
        </test-method> <!-- TearDown -->
        <test-method status="PASS" signature="SetUp()[pri:0, instance:testcases.SaucedemoLogin@78a2da20]" name="SetUp" is-config="true" duration-ms="4124" started-at="2022-09-17T03:43:53Z" finished-at="2022-09-17T03:43:57Z">
          <reporter-output>
          </reporter-output>
        </test-method> <!-- SetUp -->
        <test-method status="PASS" signature="Test2()[pri:0, instance:testcases.SaucedemoLogin@78a2da20]" name="Test2" duration-ms="383" started-at="2022-09-17T03:43:57Z" finished-at="2022-09-17T03:43:57Z">
          <reporter-output>
          </reporter-output>
        </test-method> <!-- Test2 -->
        <test-method status="PASS" signature="TearDown()[pri:0, instance:testcases.SaucedemoLogin@78a2da20]" name="TearDown" is-config="true" duration-ms="210" started-at="2022-09-17T03:43:57Z" finished-at="2022-09-17T03:43:58Z">
          <reporter-output>
          </reporter-output>
        </test-method> <!-- TearDown -->
      </class> <!-- testcases.SaucedemoLogin -->
    </test> <!-- Test -->
  </suite> <!-- Suite -->
</testng-results>
