<?xml version="1.0" encoding="UTF-8"?>
<testng-results ignored="0" total="2" passed="2" failed="0" skipped="0">
  <reporter-output>
  </reporter-output>
  <suite started-at="2022-09-16T19:29:58Z" name="Suite" finished-at="2022-09-16T19:30:08Z" duration-ms="10094">
    <groups>
    </groups>
    <test started-at="2022-09-16T19:29:58Z" name="Test" finished-at="2022-09-16T19:30:08Z" duration-ms="10094">
      <class name="testcases.SaucedemoLogin">
        <test-method is-config="true" signature="SetUp()[pri:0, instance:testcases.SaucedemoLogin@479ceda0]" started-at="2022-09-16T19:29:58Z" name="SetUp" finished-at="2022-09-16T19:30:03Z" duration-ms="4916" status="PASS">
          <reporter-output>
          </reporter-output>
        </test-method> <!-- SetUp -->
        <test-method signature="Test1()[pri:0, instance:testcases.SaucedemoLogin@479ceda0]" started-at="2022-09-16T19:30:03Z" name="Test1" finished-at="2022-09-16T19:30:03Z" duration-ms="480" status="PASS">
          <reporter-output>
          </reporter-output>
        </test-method> <!-- Test1 -->
        <test-method is-config="true" signature="TearDown()[pri:0, instance:testcases.SaucedemoLogin@479ceda0]" started-at="2022-09-16T19:30:03Z" name="TearDown" finished-at="2022-09-16T19:30:03Z" duration-ms="318" status="PASS">
          <reporter-output>
          </reporter-output>
        </test-method> <!-- TearDown -->
        <test-method is-config="true" signature="SetUp()[pri:0, instance:testcases.SaucedemoLogin@479ceda0]" started-at="2022-09-16T19:30:03Z" name="SetUp" finished-at="2022-09-16T19:30:07Z" duration-ms="3777" status="PASS">
          <reporter-output>
          </reporter-output>
        </test-method> <!-- SetUp -->
        <test-method signature="Test2()[pri:0, instance:testcases.SaucedemoLogin@479ceda0]" started-at="2022-09-16T19:30:07Z" name="Test2" finished-at="2022-09-16T19:30:07Z" duration-ms="357" status="PASS">
          <reporter-output>
          </reporter-output>
        </test-method> <!-- Test2 -->
        <test-method is-config="true" signature="TearDown()[pri:0, instance:testcases.SaucedemoLogin@479ceda0]" started-at="2022-09-16T19:30:07Z" name="TearDown" finished-at="2022-09-16T19:30:08Z" duration-ms="177" status="PASS">
          <reporter-output>
          </reporter-output>
        </test-method> <!-- TearDown -->
      </class> <!-- testcases.SaucedemoLogin -->
    </test> <!-- Test -->
  </suite> <!-- Suite -->
</testng-results>
